<?xml version="1.0" encoding="UTF-8"?>
<testsuite xmlns:xsi="http://www.w3.org/2001/XMLSchema-instance" xsi:noNamespaceSchemaLocation="https://maven.apache.org/surefire/maven-surefire-plugin/xsd/surefire-test-report-3.0.xsd" version="3.0" name="com.mycompany.tic.toc.toe.TicTocToeClickHandlerTest" time="0.181" tests="11" errors="10" skipped="0" failures="1">
  <properties>
[...]
</properties>
  <testcase name="testWB_vertical1" classname="com.mycompany.tic.toc.toe.TicTocToeClickHandlerTest" time="0.029">
    <error message="Cannot load from object array because &quot;lbl&quot; is null" type="java.lang.NullPointerException"><![CDATA[java.lang.NullPointerException: Cannot load from object array because "lbl" is null
	at com.mycompany.tic.toc.toe.TicTocToeClickHandler.WB_vertical1(TicTocToeClickHandler.java:171)
	at com.mycompany.tic.toc.toe.TicTocToeClickHandlerTest.testWB_vertical1(TicTocToeClickHandlerTest.java:152)
	at java.base/java.lang.reflect.Method.invoke(Method.java:580)
	at java.base/java.util.ArrayList.forEach(ArrayList.java:1596)
	at java.base/java.util.ArrayList.forEach(ArrayList.java:1596)
]]></error>
    <system-out><![CDATA[WB_vertical1
]]></system-out>
  </testcase>
  <testcase name="testWB_vertical2" classname="com.mycompany.tic.toc.toe.TicTocToeClickHandlerTest" time="0.004">
    <error message="Cannot load from object array because &quot;lbl&quot; is null" type="java.lang.NullPointerException"><![CDATA[java.lang.NullPointerException: Cannot load from object array because "lbl" is null
	at com.mycompany.tic.toc.toe.TicTocToeClickHandler.WB_vertical2(TicTocToeClickHandler.java:191)
	at com.mycompany.tic.toc.toe.TicTocToeClickHandlerTest.testWB_vertical2(TicTocToeClickHandlerTest.java:167)
	at java.base/java.lang.reflect.Method.invoke(Method.java:580)
	at java.base/java.util.ArrayList.forEach(ArrayList.java:1596)
	at java.base/java.util.ArrayList.forEach(ArrayList.java:1596)
]]></error>
    <system-out><![CDATA[WB_vertical2
]]></system-out>
  </testcase>
  <testcase name="testWB_vertical3" classname="com.mycompany.tic.toc.toe.TicTocToeClickHandlerTest" time="0.005">
    <error message="Cannot load from object array because &quot;lbl&quot; is null" type="java.lang.NullPointerException"><![CDATA[java.lang.NullPointerException: Cannot load from object array because "lbl" is null
	at com.mycompany.tic.toc.toe.TicTocToeClickHandler.WB_vertical3(TicTocToeClickHandler.java:211)
	at com.mycompany.tic.toc.toe.TicTocToeClickHandlerTest.testWB_vertical3(TicTocToeClickHandlerTest.java:182)
	at java.base/java.lang.reflect.Method.invoke(Method.java:580)
	at java.base/java.util.ArrayList.forEach(ArrayList.java:1596)
	at java.base/java.util.ArrayList.forEach(ArrayList.java:1596)
]]></error>
    <system-out><![CDATA[WB_vertical3
]]></system-out>
  </testcase>
  <testcase name="testWB_horizontal1" classname="com.mycompany.tic.toc.toe.TicTocToeClickHandlerTest" time="0.004">
    <error message="Cannot load from object array because &quot;lbl&quot; is null" type="java.lang.NullPointerException"><![CDATA[java.lang.NullPointerException: Cannot load from object array because "lbl" is null
	at com.mycompany.tic.toc.toe.TicTocToeClickHandler.WB_horizontal1(TicTocToeClickHandler.java:111)
	at com.mycompany.tic.toc.toe.TicTocToeClickHandlerTest.testWB_horizontal1(TicTocToeClickHandlerTest.java:107)
	at java.base/java.lang.reflect.Method.invoke(Method.java:580)
	at java.base/java.util.ArrayList.forEach(ArrayList.java:1596)
	at java.base/java.util.ArrayList.forEach(ArrayList.java:1596)
]]></error>
    <system-out><![CDATA[WB_horizontal1
]]></system-out>
  </testcase>
  <testcase name="testWB_horizontal2" classname="com.mycompany.tic.toc.toe.TicTocToeClickHandlerTest" time="0.004">
    <error message="Cannot load from object array because &quot;lbl&quot; is null" type="java.lang.NullPointerException"><![CDATA[java.lang.NullPointerException: Cannot load from object array because "lbl" is null
	at com.mycompany.tic.toc.toe.TicTocToeClickHandler.WB_horizontal2(TicTocToeClickHandler.java:131)
	at com.mycompany.tic.toc.toe.TicTocToeClickHandlerTest.testWB_horizontal2(TicTocToeClickHandlerTest.java:122)
	at java.base/java.lang.reflect.Method.invoke(Method.java:580)
	at java.base/java.util.ArrayList.forEach(ArrayList.java:1596)
	at java.base/java.util.ArrayList.forEach(ArrayList.java:1596)
]]></error>
    <system-out><![CDATA[WB_horizontal2
]]></system-out>
  </testcase>
  <testcase name="testWB_horizontal3" classname="com.mycompany.tic.toc.toe.TicTocToeClickHandlerTest" time="0.004">
    <error message="Cannot load from object array because &quot;lbl&quot; is null" type="java.lang.NullPointerException"><![CDATA[java.lang.NullPointerException: Cannot load from object array because "lbl" is null
	at com.mycompany.tic.toc.toe.TicTocToeClickHandler.WB_horizontal3(TicTocToeClickHandler.java:151)
	at com.mycompany.tic.toc.toe.TicTocToeClickHandlerTest.testWB_horizontal3(TicTocToeClickHandlerTest.java:137)
	at java.base/java.lang.reflect.Method.invoke(Method.java:580)
	at java.base/java.util.ArrayList.forEach(ArrayList.java:1596)
	at java.base/java.util.ArrayList.forEach(ArrayList.java:1596)
]]></error>
    <system-out><![CDATA[WB_horizontal3
]]></system-out>
  </testcase>
  <testcase name="testWB_diagonalLeft" classname="com.mycompany.tic.toc.toe.TicTocToeClickHandlerTest" time="0.002">
    <error message="Cannot load from object array because &quot;lbl&quot; is null" type="java.lang.NullPointerException"><![CDATA[java.lang.NullPointerException: Cannot load from object array because "lbl" is null
	at com.mycompany.tic.toc.toe.TicTocToeClickHandler.WB_diagonalLeft(TicTocToeClickHandler.java:231)
	at com.mycompany.tic.toc.toe.TicTocToeClickHandlerTest.testWB_diagonalLeft(TicTocToeClickHandlerTest.java:197)
	at java.base/java.lang.reflect.Method.invoke(Method.java:580)
	at java.base/java.util.ArrayList.forEach(ArrayList.java:1596)
	at java.base/java.util.ArrayList.forEach(ArrayList.java:1596)
]]></error>
    <system-out><![CDATA[WB_diagonalLeft
]]></system-out>
  </testcase>
  <testcase name="testWB_diagonalRight" classname="com.mycompany.tic.toc.toe.TicTocToeClickHandlerTest" time="0.003">
    <error message="Cannot load from object array because &quot;lbl&quot; is null" type="java.lang.NullPointerException"><![CDATA[java.lang.NullPointerException: Cannot load from object array because "lbl" is null
	at com.mycompany.tic.toc.toe.TicTocToeClickHandler.WB_diagonalRight(TicTocToeClickHandler.java:251)
	at com.mycompany.tic.toc.toe.TicTocToeClickHandlerTest.testWB_diagonalRight(TicTocToeClickHandlerTest.java:212)
	at java.base/java.lang.reflect.Method.invoke(Method.java:580)
	at java.base/java.util.ArrayList.forEach(ArrayList.java:1596)
	at java.base/java.util.ArrayList.forEach(ArrayList.java:1596)
]]></error>
    <system-out><![CDATA[WB_diagonalRight
]]></system-out>
  </testcase>
  <testcase name="testWB_Bot" classname="com.mycompany.tic.toc.toe.TicTocToeClickHandlerTest" time="0.045">
    <error message="Cannot load from object array because &quot;com.mycompany.tic.toc.toe.TicTocToe.lbl&quot; is null" type="java.lang.NullPointerException"><![CDATA[java.lang.NullPointerException: Cannot load from object array because "com.mycompany.tic.toc.toe.TicTocToe.lbl" is null
	at com.mycompany.tic.toc.toe.TicTocToeClickHandler.WB_Bot(TicTocToeClickHandler.java:101)
	at com.mycompany.tic.toc.toe.TicTocToeClickHandlerTest.testWB_Bot(TicTocToeClickHandlerTest.java:92)
	at java.base/java.lang.reflect.Method.invoke(Method.java:580)
	at java.base/java.util.ArrayList.forEach(ArrayList.java:1596)
	at java.base/java.util.ArrayList.forEach(ArrayList.java:1596)
]]></error>
    <system-out><![CDATA[WB_Bot
dupSet - [0, 1, 2, 3, 4, 5, 6, 7, 8]
]]></system-out>
  </testcase>
  <testcase name="testGenerateRandomValue" classname="com.mycompany.tic.toc.toe.TicTocToeClickHandlerTest" time="0.007">
    <failure message="expected: &lt;2&gt; but was: &lt;3&gt;" type="org.opentest4j.AssertionFailedError"><![CDATA[org.opentest4j.AssertionFailedError: expected: <2> but was: <3>
	at org.junit.jupiter.api.AssertionFailureBuilder.build(AssertionFailureBuilder.java:151)
	at org.junit.jupiter.api.AssertionFailureBuilder.buildAndThrow(AssertionFailureBuilder.java:132)
	at org.junit.jupiter.api.AssertEquals.failNotEqual(AssertEquals.java:197)
	at org.junit.jupiter.api.AssertEquals.assertEquals(AssertEquals.java:150)
	at org.junit.jupiter.api.AssertEquals.assertEquals(AssertEquals.java:145)
	at org.junit.jupiter.api.Assertions.assertEquals(Assertions.java:531)
	at com.mycompany.tic.toc.toe.TicTocToeClickHandlerTest.testGenerateRandomValue(TicTocToeClickHandlerTest.java:65)
	at java.base/java.lang.reflect.Method.invoke(Method.java:580)
	at java.base/java.util.ArrayList.forEach(ArrayList.java:1596)
	at java.base/java.util.ArrayList.forEach(ArrayList.java:1596)
]]></failure>
    <system-out><![CDATA[generateRandomValue
dupSet - [0, 1, 2, 3, 4, 5, 6, 7, 8]
]]></system-out>
  </testcase>
  <testcase name="testIsGameOnlyStarted" classname="com.mycompany.tic.toc.toe.TicTocToeClickHandlerTest" time="0.004">
    <error message="Cannot read the array length because &quot;&lt;local1&gt;&quot; is null" type="java.lang.NullPointerException"><![CDATA[java.lang.NullPointerException: Cannot read the array length because "<local1>" is null
	at com.mycompany.tic.toc.toe.TicTocToeClickHandler.isGameOnlyStarted(TicTocToeClickHandler.java:80)
	at com.mycompany.tic.toc.toe.TicTocToeClickHandlerTest.testIsGameOnlyStarted(TicTocToeClickHandlerTest.java:78)
	at java.base/java.lang.reflect.Method.invoke(Method.java:580)
	at java.base/java.util.ArrayList.forEach(ArrayList.java:1596)
	at java.base/java.util.ArrayList.forEach(ArrayList.java:1596)
]]></error>
    <system-out><![CDATA[isGameOnlyStarted
]]></system-out>
  </testcase>
</testsuite>